<?xml version="1.0" encoding="UTF-8"?>
<testng-results ignored="0" total="1" passed="1" failed="0" skipped="0">
  <reporter-output>
  </reporter-output>
  <suite started-at="2021-05-19T14:46:20 EET" name="Default suite" finished-at="2021-05-19T14:46:23 EET" duration-ms="3023">
    <groups>
    </groups>
    <test started-at="2021-05-19T14:46:20 EET" name="Default test" finished-at="2021-05-19T14:46:23 EET" duration-ms="3023">
      <class name="selenium.Omniful.myFirstRestAssuredClass">
        <test-method signature="getResponseBody()[pri:1, instance:selenium.Omniful.myFirstRestAssuredClass@1e802ef9]" started-at="2021-05-19T14:46:20 EET" name="getResponseBody" finished-at="2021-05-19T14:46:23 EET" duration-ms="2990" status="PASS">
          <reporter-output>
          </reporter-output>
        </test-method> <!-- getResponseBody -->
      </class> <!-- selenium.Omniful.myFirstRestAssuredClass -->
    </test> <!-- Default test -->
  </suite> <!-- Default suite -->
</testng-results>
