<?xml version="1.0" encoding="UTF-8"?>
<testng-results ignored="0" total="1" passed="1" failed="0" skipped="0">
  <reporter-output>
  </reporter-output>
  <suite started-at="2021-05-19T16:43:34 EET" name="Default suite" finished-at="2021-05-19T16:43:38 EET" duration-ms="3484">
    <groups>
    </groups>
    <test started-at="2021-05-19T16:43:34 EET" name="Default test" finished-at="2021-05-19T16:43:38 EET" duration-ms="3484">
      <class name="selenium.Omniful.InsertPOSTransactions">
        <test-method signature="insertOfflineOrder()[pri:1, instance:selenium.Omniful.InsertPOSTransactions@1e802ef9]" started-at="2021-05-19T16:43:34 EET" name="insertOfflineOrder" finished-at="2021-05-19T16:43:38 EET" duration-ms="3457" status="PASS">
          <reporter-output>
          </reporter-output>
        </test-method> <!-- insertOfflineOrder -->
      </class> <!-- selenium.Omniful.InsertPOSTransactions -->
    </test> <!-- Default test -->
  </suite> <!-- Default suite -->
</testng-results>
